<?xml version="1.0" encoding="UTF-8"?>
<testsuite xmlns:xsi="http://www.w3.org/2001/XMLSchema-instance" xsi:noNamespaceSchemaLocation="https://maven.apache.org/surefire/maven-surefire-plugin/xsd/surefire-test-report-3.0.xsd" version="3.0" name="com.applicantai.resumeoptimizer.service.impl.NlpAnalysisServiceTest" time="1.7" tests="3" errors="0" skipped="0" failures="0">
  <properties>
[...]
</properties>
  <testcase name="analyzeText_WithProgrammingLanguages_ShouldIdentifySkills" classname="com.applicantai.resumeoptimizer.service.impl.NlpAnalysisServiceTest" time="1.647"/>
  <testcase name="analyzeText_WithFrameworks_ShouldIdentifySkills" classname="com.applicantai.resumeoptimizer.service.impl.NlpAnalysisServiceTest" time="0.007"/>
  <testcase name="analyzeText_WithKeyPhrases_ShouldExtractKeyPhrases" classname="com.applicantai.resumeoptimizer.service.impl.NlpAnalysisServiceTest" time="0.005"/>
</testsuite>